1 10 20
10 1 20
1 1 1
100 200 125
201 210 89
900 1000 174
92947 800625 509
765715 219747 509
233391 457536 449
754220 935290 525
9654 294209 443
607178 367429 470
844902 221287 525
730915 360465 509
235792 508636 449
980470 301243 525
992273 96575 525
574738 344673 470
923517 824621 525
331076 203120 443
325442 777841 509
301821 910748 525
196026 772126 509
432100 37857 449
631647 808715 504
815632 44333 509
122767 929387 525
964239 493662 525
324063 360281 441
995261 916012 507
195264 806632 509
390041 775397 509
999477 820511 525
648411 36157 509
210779 956553 525
811954 793112 468
151595 404397 443
372376 971772 525
11465 561707 470
308850 352277 441
606976 566383 434
906852 98590 525
31641 895914 525
212113 882160 525
632473 153537 509
961960 197282 525
704110 328532 509
872399 835842 525
171519 386719 443
670015 751113 504
786764 761463 468
634364 601079 509
566105 957659 525
196203 943054 525
810686 356053 509
319269 439301 449
558202 899423 525
121315 357630 443
482094 759654 509
458235 849149 525
118049 309171 443
751807 719418 424
145679 707668 509
814591 904990 525
872585 1198 525
366783 944110 525
12427 459798 449
522665 840647 525
136723 982294 525
197827 531119 470
581723 16277 470
973688 985862 427
624784 751843 509
296774 957194 525
84950 991236 525
153228 100221 375
498600 290716 449
71115 857 340
901827 633613 525
776187 60406 509
235049 350074 441
632080 725856 504
142372 631540 509
64977 251435 443
672563 114706 509
967483 9017 525
893387 220831 525
239653 679418 509
282384 878918 525
508782 120133 449
130016 49917 354
772202 806107 468
79494 661059 509
317638 314401 353
664223 2182 509
966379 795909 525
700372 593065 509
174828 241425 443
835736 495592 509
731295 43582 509
957309 686536 525
859060 707 525
261175 180511 443
148688 857344 525
311594 438768 449
931618 697365 525
51971 117809 354
703570 655723 442
235625 398676 441
38921 339419 443
162618 313115 443
284578 90222 443
712528 488415 509
854797 717496 525
54942 248673 443
157878 617312 470
971212 550732 525
397673 879824 525
519994 979929 525
629643 556701 509
494839 167523 449
578172 659813 509
256045 536133 470
969215 203509 525
310710 715598 509
272395 400470 441
450774 504981 444
450146 295496 449
710964 854996 525
763701 241475 509
820378 444955 509
791488 427237 509
139527 857813 525
142861 979415 525
911213 428436 525
454846 920387 525
278465 618753 470
237838 338223 407
378279 18218 443
192226 546246 470
864286 465903 525
53114 791324 509
787949 806018 468
93406 127023 354
835228 761104 468
55832 511912 449
50501 810150 509
123171 604551 470
77341 566255 470
358412 889415 525
469202 365506 449
964287 476018 525
142737 190052 383
253090 203142 443
460714 440561 387
956052 998675 458
302301 588384 470
