1 10 20
100 200 125
201 210 89
900 1000 174
345 12 144
676 7676 262
35 3546 217
3778 8787 262
676 879 179
989 9877 262
7858 5588 262
78787 467 351
476 76787 340
78787 78755 276
5467 6878 262
889 98989 351
43457 78844 351
5000 6000 236
6000 7000 262
7000 8000 252
9000 10000 260
345 5555 238
10000 11000 268
23453 23432 251
56 4 113
235 1 128
56 65665 340
99999 34 351
2345 1235 183
4532 2466 238
2465 235 209
45 3245 217
46 77 116
45 55 113
45 46 17
78 7800 262
235 2 128
35 235 128
9999 1234 262
2345 42222 324
235 2355 183
2351 235 183
344 23555 282
45435 998 324
34 36 22
1 4 8
1 2 2
1 554 144
25 456 144
245 678 145
9678 84567 351
345 4345 238
345 44 144
4555 5555 210
3433 55555 340
5777 45646 324
34534 64646 340
45555 55555 340
8989 9898 260
5656 6565 262
6767 7676 257
7878 8787 252
9898 9899 97
900 999 174
4566 45656 324
70000 70000 82
1 99999 351
134 3535 217
45445 45450 84
88800 88888 209
55500 55555 260
66999 66000 268
44456 44455 133
34567 54567 340
45456 63565 340
67667 6766 340
23 24 16
46457 65767 340
57000 58000 304
30000 40000 324
25000 26000 264
44444 44444 58
43663 36346 306
76746 84768 351
33767 78558 351
57999 78768 351
43322 43543 226
24566 24566 70
90 99 119
91 92 93
93 93 18
354 54 144
24 235 128
1 2 2
2 3 8
4 7 17
1 664 145
434 55 144
909 9898 262
35345 23553 311
3255 35352 311
145 2545 209
545 4543 238
4545 1454 238
13556 26526 282
26426 26563 277
65477 47557 340
57667 76457 335
