1 10 20
100 200 125
201 210 89
900 1000 174
842184 517960 525
827986 447069 509
391347 623300 470
311477 442860 449
924190 410962 525
690061 181187 509
324813 801125 509
390379 714094 509
769028 729473 468
475443 19989 449
533606 373583 470
553114 628661 509
28824 956492 525
348888 363301 410
980015 975126 383
74366 245495 443
552923 686123 509
370424 359078 410
615319 145649 470
182798 784814 509
543787 899496 525
905291 863972 445
878205 651231 525
70069 445500 449
176282 897963 525
213174 648957 509
205569 910849 525
974910 633146 525
296416 182519 443
742561 134609 509
554913 166987 470
150116 875914 525
105867 290320 443
868263 393597 525
749707 996957 525
409123 179275 443
101224 971792 525
11277 119590 354
472460 987185 525
933516 410244 525
701960 201690 509
368120 913882 525
244861 91789 443
614092 617056 447
311208 735969 509
428413 137327 449
778621 34028 509
319812 329130 384
989017 554021 525
237475 22715 443
992216 925433 507
747321 947849 525
32852 193682 383
157993 835558 509
85939 195758 383
616184 912770 525
56486 976689 525
893907 285307 525
532485 372277 470
232681 203150 443
132800 875810 525
832751 278201 509
214335 125348 383
651289 19163 509
204590 257047 443
100808 656854 509
734343 529009 509
410611 171908 449
140044 353003 443
668554 464338 509
869187 821143 525
297607 933068 525
240066 539730 470
663410 30481 509
934798 354063 525
38966 15576 324
770567 611683 509
47727 991299 525
916017 567635 525
603080 448476 470
155133 896942 525
971088 956327 458
940275 765282 525
211151 439886 449
978204 696498 525
698770 225751 509
563206 969834 525
170170 110943 383
889132 858875 445
228871 790546 509
710518 761241 424
830553 298411 509
506062 141168 449
305410 17245 443
529655 812772 509
468745 518029 470
58879 978786 525
774319 3327 509
975503 236246 525
80876 655505 509
115883 961566 525
768713 871491 525
448305 536245 470
757435 819728 468
282789 946236 525
816631 393406 509
896271 582171 525
