1 10 20
100 200 125
201 210 89
900 1000 174
10 1 20
200 100 125
210 201 89
1000 900 174
1 1 1
2 2 2
3 3 8
4 4 3
5 5 6
6 6 9
7 7 17
8 8 4
9 9 20
10 10 7
11 11 15
12 12 10
13 13 10
14 14 18
15 15 18
16 16 5
17 17 13
18 18 21
19 19 21
20 20 8
100 105 88
100 204 125
100 300 128
100 400 144
100 500 144
100 600 144
100 700 145
100 800 171
100 900 179
100 1000 179
1000 1100 169
1000 1200 182
1000 1300 182
1000 1400 182
1000 1500 182
1000 1600 182
1000 1700 182
1000 1800 182
1000 1900 182
1000 2000 182
1000 2100 182
1000 2200 182
1000 2300 183
1000 2400 183
1000 2500 209
1000 2600 209
1000 2700 209
1000 2800 209
1000 2900 209
1000 3000 217
1 2 2
1 3 8
1 4 8
1 5 8
1 6 9
1 7 17
1 8 17
1 105 119
1 100 119
1 1000 179
1 10000 262
1 5000 238
1 500 144
1 250 128
1 220 125
1 666 145
1 600 144
1 700 145
1 800 171
1 420 144
1 576 144
1 879 179
1001 10000 262
1100 10000 262
1201 10000 262
1301 10000 262
1401 10000 262
1501 10000 262
1601 10000 262
1701 10000 262
1801 10000 262
1901 10000 262
2000 10000 262
2100 10000 262
2200 10000 262
2300 10000 262
2400 10000 262
2500 10000 262
2600 10000 262
2700 10000 262
2800 10000 262
2900 10000 262
3000 10000 262
3100 10000 262
3200 10000 262
3300 10000 262
3400 10000 262
3500 10000 262
3600 10000 262
3700 10000 262
3800 10000 262
3900 10000 262
4000 10000 262
4100 10000 262
4200 10000 262
4300 10000 262
4400 10000 262
4500 10000 262
4600 10000 262
4700 10000 262
4800 10000 262
4900 10000 262
