1 10 20
100 200 125
201 210 89
900 1000 174
1 1 1
1 10000 262
1 2 2
9999 10000 92
10 1 20
10000 1 262
2 1 2
10000 9999 92
662140 131104 509
586706 585045 359
861979 579530 525
785185 878071 525
150522 642865 509
871843 960233 507
512492 879392 525
694813 838265 525
850938 91980 525
146556 124782 375
515550 941790 525
122315 640519 509
200648 24120 383
708631 998667 525
544359 556906 452
330877 750549 509
803096 455609 509
81886 775655 509
971104 71802 525
427579 735791 509
724160 183471 509
309632 378796 441
836329 59974 509
679594 892452 525
892616 558503 525
526943 293869 470
160397 362094 443
267086 463163 449
974597 429599 525
693847 8632 509
177884 141967 383
739365 481446 509
702552 541895 509
276817 817125 509
490595 563778 470
354198 569328 470
73674 303616 443
491992 704910 509
956744 721822 525
115523 108610 323
327719 745549 509
172564 303961 443
137141 987725 525
876610 354098 525
920385 318891 525
535373 298273 470
171474 358494 443
805819 828871 450
623336 145437 470
408923 968507 525
611802 310636 470
612170 446849 470
913699 593750 525
391024 245390 441
389053 841965 525
948394 15924 525
602455 609121 403
471767 129553 449
997289 694429 525
67639 703372 509
854270 600818 525
531573 345839 470
533415 551902 452
609623 44147 470
781964 205764 509
634371 708478 504
240780 266856 407
620200 553511 447
135125 876168 525
508392 788449 509
907312 190524 525
650677 484217 509
315058 513395 470
448827 120936 449
665760 155536 509
576664 526234 452
358796 831836 509
615749 966743 525
337201 721869 509
707773 478789 509
634481 277184 509
977065 589415 525
426473 194391 449
973937 429814 525
554020 706464 509
439506 151493 449
787308 993511 525
866851 889290 445
188922 119655 383
317380 452399 449
727836 463876 509
511588 936416 525
96970 872932 525
479770 25363 449
735981 314281 509
876739 928803 476
736679 495159 509
277580 623110 470
265903 735335 509
529036 227379 470
762843 398827 509
502368 125267 449
567229 833786 509
292446 843496 525
392166 906552 525
102803 422104 449
484153 856579 525
714782 540673 509
301826 196921 443
144754 589358 470
13380 343094 443
55792 98957 351
642359 275549 509
303162 498192 449
875227 551033 525
179041 502794 449
47048 947164 525
156488 929910 525
896766 216367 525
10387 528268 470
978394 281172 525
623387 853338 525
358229 946224 525
880415 328561 525
72627 260230 443
889974 601938 525
244676 865052 525
324728 176084 443
431870 359386 449
738295 989756 525
906042 412982 525
41715 990562 525
808830 250045 509
474686 501582 426
832660 80589 509
988672 974033 427
289869 549124 470
376248 231675 441
513670 171544 470
518330 985921 525
491951 630085 509
651748 938716 525
884424 132096 525
407680 991950 525
419495 614974 470
220276 39426 386
159395 404882 443
821679 821138 375
267732 343585 407
710279 395527 509
11619 687342 509
909428 907833 370
48216 702085 509
733025 319229 509
635416 237334 509
463034 551124 470
779141 305552 509
353182 346259 379
10650 908566 525
825242 605539 509
374936 527853 470
846028 240514 525
984598 443146 525
508650 381981 449
919536 388870 525
552359 280318 470
221908 797980 509
85317 972625 525
566068 416953 470
523039 381939 470
361966 932194 525
531429 136909 470
428255 64633 449
408234 88677 443
628473 269583 509
736829 364426 509
209561 486956 449
383453 952361 525
285676 533262 470
889166 56472 525
334817 213297 443
249350 478372 449
911325 566485 525
886968 316723 525
586277 877551 525
313985 341564 384
780832 312181 509
256343 119258 443
598272 200334 470
825563 181166 509
995892 246604 525
841437 144171 525
871072 460277 525
556276 411078 470
365077 394978 436
420797 788442 509
139781 175163 383
359756 530365 470
101617 111507 354
908549 527619 525
244259 696189 509
222734 555460 470
561952 810790 509
755413 973144 525
530743 829898 509
966002 539356 525
230619 713305 509
679337 573360 509
317668 540329 470
599674 425135 470
419890 531081 470
877196 278876 525
653202 736588 504
723681 915093 525
827535 590866 509
170068 98597 383
429156 211909 449
11270 130705 354
627727 761799 504
452806 819406 509
745191 342780 509
646533 853370 525
586084 167777 470
243646 260539 363
44458 444015 449
306543 169073 443
252078 647805 509
891802 457626 525
674682 433804 509
315066 272653 389
750227 765495 424
679401 17574 509
487869 179083 449
881385 716276 525
877202 516436 525
898514 898950 370
583819 209243 470
214385 399305 443
709886 862469 525
85817 109519 354
361726 99900 443
738112 186724 509
802914 127794 509
188062 165771 365
203295 570706 470
120976 42947 354
287435 992616 525
970717 769939 525
682078 360867 509
642843 224275 509
887556 20300 525
776934 836485 468
721595 532831 509
190960 111023 383
408888 173815 443
466031 253602 449
370844 410564 449
263464 912343 525
795965 729295 468
219500 683071 509
77129 956872 525
644370 798278 504
694551 913286 525
741895 960885 525
839363 321358 525
911457 457961 525
248880 382863 441
190965 430544 449
20532 741814 509
767084 324641 509
904935 561684 525
848209 633191 525
995352 992998 365
910396 76557 525
636054 19048 509
434235 755657 509
811972 341509 509
930994 266294 525
35067 284734 443
297682 838666 525
477453 688992 509
256343 522356 470
210560 156767 373
490343 997939 525
739581 374766 509
443419 425061 400
340575 502994 449
228356 939007 525
283778 933168 525
964085 412356 525
266682 958551 525
8043 842206 525
288438 741683 509
442569 985061 525
133031 282742 443
785570 904896 525
626407 677353 442
719671 254544 509
494319 733548 509
817021 875269 525
153910 426206 449
