1 10 20
100 200 125
201 210 89
900 1000 174
873947 294759 525
294759 385624 441
839 217 171
256 1024 179
1 1 1
999999 999999 259
2 1 2
540 545 137
1 999999 525
800736 900384 525
900384 800736 525
123456 234567 443
234567 123456 443
345 890 179
890 345 179
543 987 179
987 543 179
222 888 179
888 222 179
1 1 1
999999 999999 259
5 1 8
1 2 2
2 1 2
999998 999999 259
999999 999998 259
987654 876543 507
987654 876543 507
5 5 6
1234 5678 238
5678 1234 238
1 6581 262
176457 176457 104
9800 10000 242
9876 9875 136
2745 8532 262
99 101 26
99 100 26
12 65 113
876524 879001 401
2 3 8
90 72345 340
9854 6547 260
53 4 112
2877 7888 262
9384 23948 282
3943 3904 176
998743 999999 396
39324 34928 324
44299 77333 351
9374 6483 260
9927 3374 262
938 385 179
1 7786 262
47484 48593 283
38495 39488 275
23002 79932 351
12093 23822 282
3404 78437 351
12993 23993 282
34473 47749 324
700333 800333 504
33444 85777 351
34858 30440 311
98495 98434 235
98943 394844 443
203434 344944 443
9843 9853 211
783 904 179
2323 3232 217
89349 39488 351
2938 2398 217
9939 12000 268
8989 9898 260
98437 98438 85
33243 77983 351
999000 999999 396
231 948 179
92834 93848 315
983 348 179
349 439 134
12 98 119
2 94 116
234 230 128
21 7 21
98 344 144
349 9000 262
32323 23232 308
98349 98777 266
80000 90000 333
10000 20000 279
800000 900000 525
87 9384 262
3 98 119
333 444 134
555 666 145
777 888 179
999 101010 351
9834 10000 242
348 399 126
4444 1 238
9834 2222 262
1 80000 351
2 50000 324
3 60000 340
7 90000 351
10000 80000 351
1 80000 351
1 84930 351
1 50000 324
1 53402 340
