1 10 20
100 200 125
201 210 89
900 1000 174
1 1000 179
77 78 36
1 1 1
99 100 26
9999 10000 92
1 5000 238
1 10000 262
2 2 2
234 2352 183
4433 4444 184
9876 9999 242
16 999 179
9828 9835 167
5819 9270 262
6689 8693 257
9223 9627 260
9649 9927 242
7458 9362 260
5929 9229 262
7165 9751 260
4654 7708 262
2330 7670 262
3386 9393 262
7407 7671 239
3824 8808 262
2991 3800 238
9111 9580 260
920 9176 262
4723 8323 262
4876 7817 262
721 4276 238
5799 8128 262
9696 9873 211
1071 9747 262
7357 9847 260
6314 9062 257
7559 8808 252
8169 9605 260
3010 7875 262
1633 7347 262
5607 6119 218
2298 7823 262
1944 7663 262
6209 6504 200
6816 9726 260
7880 8586 252
1593 3966 238
3022 4064 238
2679 4291 238
5097 6927 262
6386 8436 257
4926 5578 236
4482 5164 210
1251 3392 217
4771 6486 262
4109 4966 215
7351 9750 260
1939 7883 262
7450 9517 260
2499 7578 262
2369 8947 262
802 4762 238
7564 8347 252
399 8684 262
5803 9383 262
7857 8913 252
3788 5497 215
4511 7321 262
1394 9825 262
7438 8737 252
6401 7048 257
1797 8079 262
6022 9503 262
4060 5106 215
7364 8378 252
7811 9294 260
1465 8818 262
4863 5860 236
9471 9504 198
9359 9818 198
6718 8853 257
4845 6480 262
4670 5634 236
9903 9972 167
2187 8263 262
589 8726 262
1553 9964 262
6062 9310 262
6039 7252 262
5019 8030 262
9432 9479 198
1557 3880 238
7388 8988 252
3506 6511 262
357 3232 217
354 4240 238
3973 5057 215
8672 9953 260
909 5480 238
5651 9890 262
2672 5262 238
9141 9755 260
9463 9806 198
3675 6372 262
6733 9131 257
5619 8926 262
378 5913 238
9164 9747 260
829 9872 262
2143 3475 217
6035 7769 262
9707 9942 242
673041 977754 525
274218 926827 525
150986 408937 443
573727 575044 328
667857 671772 336
699512 751079 504
826105 828307 419
595370 700525 509
627629 664882 429
553292 553350 178
1 999999 525
999999 999999 259
999999 1 525
200 20 125
234234 100000 443
2 1 2
999999 999998 259
