1 10 20
100 200 125
201 210 89
900 1000 174
52469 15183 324
4807 98898 351
16971 90966 351
41834 49238 314
30576 48609 324
99163 56161 351
42788 65073 340
57850 65400 335
22287 48099 324
595 4580 238
28994 5565 308
59515 39126 340
72945 7416 340
60708 94459 351
28662 31256 272
66528 95893 351
5131 37898 324
88507 71012 351
72892 41788 340
78212 25757 351
77912 87816 338
90468 55463 351
41990 65806 340
26337 38675 324
71696 76061 325
89884 19478 351
36470 97626 351
99483 69037 351
12143 85304 351
74199 32034 340
82719 60243 351
23680 14516 282
55179 79216 351
13002 58467 340
13601 36682 324
35555 29592 311
76269 19589 340
70185 66250 312
75578 82413 351
49348 21463 324
77728 50215 351
61866 1230 340
90943 13294 351
31155 81667 351
53751 32989 340
55687 94553 351
58728 36269 340
48751 79865 351
44600 88632 351
86028 93100 333
97104 95272 297
4165 33739 308
33451 79866 351
24608 35009 311
34203 682 308
773 31063 308
57816 80871 351
55391 29713 340
49633 13025 324
36418 72219 340
90071 5379 351
43805 79900 351
55036 30096 340
62640 98154 351
9407 40239 324
68541 76785 325
42777 1552 324
95214 95516 284
10133 88353 351
51284 76008 340
41611 95812 351
11286 12821 263
11071 58937 340
28855 14505 308
53754 56468 322
39442 17267 324
44740 78494 351
47589 29059 324
49329 22578 324
5640 38931 324
682 77 145
79176 91225 333
79769 84685 320
83218 99515 333
44584 83281 351
36261 83169 351
44105 76050 340
66377 54967 335
99150 89660 333
81621 87550 333
30859 22717 308
4611 39341 324
57218 21286 340
57190 58687 273
70683 29169 340
19503 44595 324
11384 83850 351
76803 67744 325
4022 70777 340
62272 58597 335
77982 41147 351
42093 58510 340
24965 10416 282
64787 91121 351
91472 43132 351
49539 82109 351
10407 87191 351
95633 4652 351
32758 78178 351
4318 73492 340
56505 18031 340
64875 12643 340
96808 25477 351
8465 61359 340
59134 78195 351
60500 42541 340
95357 99697 328
20899 5256 279
74528 68916 325
27314 50289 324
7434 38582 324
80518 49853 351
23825 71171 340
36682 46782 314
9073 7504 252
72317 84241 351
80745 74745 351
16255 39878 324
87048 59920 351
15148 63714 340
36050 53319 340
84900 12518 351
18444 53347 340
78845 38150 351
68625 84325 351
43860 81502 351
98824 17769 351
87181 72867 351
44128 58111 340
52308 95542 351
42179 54590 340
13324 59488 340
30558 83152 351
72349 3278 340
81262 4188 351
64478 86334 351
96605 51823 351
98087 42499 351
30565 56948 340
72356 91245 351
40920 8509 324
17993 49897 324
34193 81798 351
1689 98939 351
29048 82641 351
75740 38704 340
54274 26766 340
29259 34460 311
70161 85153 351
99159 10654 351
10441 75720 340
94616 22078 351
46856 21192 324
26085 6400 282
94945 8600 351
14440 89242 351
82634 45599 351
66125 88036 351
20472 94603 351
33201 39450 324
11145 27257 308
5834 91035 351
62979 56300 335
51126 78755 351
83216 12710 351
27507 35043 311
12755 56033 340
74105 21791 340
36424 86904 351
94314 61096 351
76976 77662 351
71971 92287 351
66887 49700 340
61127 97799 351
28856 18572 308
95311 25736 351
11212 27725 308
37353 60679 340
85918 2106 351
39432 92745 351
42891 73277 340
41711 17903 324
68503 47762 340
46436 58277 340
21170 16218 279
61074 22905 340
62380 83708 351
8446 40616 324
47276 51236 314
65336 23423 340
