879619 498643 525
745476 512731 509
669254 235110 509
233679 412100 449
224287 633005 509
704524 437965 509
564909 959720 525
236171 945572 525
983373 485047 525
180465 306908 443
415950 567955 470
808 507009 449
142684 511555 449
602084 976753 525
706909 668574 504
733919 748368 424
804441 254927 509
348339 168232 443
454315 131493 449
791997 573837 509
420897 967574 525
803450 767731 468
180848 798345 509
805335 4545 509
632613 546779 509
840198 712388 525
575247 207822 470
503707 416751 444
22338 604076 470
364123 923039 525
492532 519525 470
346830 635690 509
349946 998564 525
879956 109517 525
442628 894718 525
829692 844933 525
773194 521263 509
527831 282247 470
700550 569068 509
394372 792200 509
636653 255829 509
313413 688283 509
478374 959490 525
599551 491387 470
328 778969 509
164954 667957 509
464729 445390 444
910764 868884 476
780228 875377 525
565645 375955 470
896386 119979 525
419355 853755 525
582352 986156 525
768074 303800 509
796359 910036 525
131853 311507 443
372238 419245 449
234512 291870 407
5212 223276 386
16200 819425 509
984201 759370 525
668085 858072 525
44646 419813 449
921041 146784 525
836578 451822 509
329266 260215 407
848850 984803 507
278172 10225 443
548335 907495 525
337145 326453 366
182061 876493 525
873550 404080 525
901604 146522 525
459921 686933 509
636442 423909 509
95341 771212 509
702744 688225 442
756948 827825 468
936200 908785 476
512198 479556 470
142448 511119 449
282665 977492 525
895076 986127 507
648008 20830 509
797171 569542 509
836739 793121 468
541140 443806 470
140840 889356 525
599596 49030 470
101874 52947 351
876486 557256 525
913023 949271 507
841371 221131 525
922676 209212 525
598810 917108 525
713703 392384 509
436932 370789 449
153819 596452 470
584855 426254 470
212069 808573 509
997446 117973 525
360799 480829 449
621140 9300 470
413201 349387 449
816471 635196 504
738179 993255 525
213837 821752 509
491757 55336 449
88470 660242 509
6457 767542 509
18284 80926 351
560551 169519 470
910512 160919 525
422833 937413 525
477659 22504 449
6212 760952 509
756211 688149 504
897552 418355 525
544201 828693 509
749948 935826 525
723496 895274 525
927767 753468 525
414398 25510 449
375636 183007 443
628129 529371 509
389436 104887 443
10655 866443 525
827030 46460 509
906411 475600 525
402145 69322 443
964273 947107 414
566946 955465 525
365135 379766 423
200949 878761 525
345752 811593 509
589360 151430 470
695483 15380 509
684006 658183 442
83118 740969 509
678009 50708 509
477306 661093 509
983312 511399 525
337245 206203 443
724629 995063 525
274577 187831 443
402444 257932 441
963187 716768 525
529382 968746 525
551210 162565 470
947478 554447 525
63530 965975 525
834001 434081 509
247345 662539 509
155577 539695 470
194388 241940 443
960907 183274 525
842115 529903 525
748363 609997 509
269456 356000 441
425843 42617 449
762556 395912 509
740590 920130 525
569208 311022 470
700476 422493 509
929546 93943 525
692105 607386 509
45897 557687 470
32397 92813 351
457060 490678 444
271295 56613 443
813403 712276 468
90448 176263 383
481453 251217 449
982437 669127 525
353315 312959 441
499602 34692 449
711757 665981 504
667702 276887 509
167661 227412 386
273260 264031 407
59837 531094 470
928457 2459 525
448541 760938 509
874973 21121 525
901431 758957 525
258231 5279 443
482589 66212 449
817854 930774 525
567050 307125 470
478210 440934 444
1 1 1
234234 234234 156
2000 3000 217
55000 50000 340
