1 10 20
100 200 125
201 210 89
900 1000 174
8 9 20
5 2 8
5 5 6
5 3 8
5 5 6
3 8 17
2 4 8
1 2 2
3 3 8
8 5 17
53 31 110
32 78 116
33 72 113
24 84 116
98 86 119
36 82 116
73 51 116
90 82 111
49 60 113
98 59 119
82 15 116
64 96 116
34 70 113
72 65 103
75 41 116
65 76 116
54 61 113
44 20 112
19 57 113
60 86 116
68 60 108
98 60 119
53 86 116
34 40 35
19 98 119
11 51 112
77 93 111
29 10 112
16 38 112
16 87 116
67 85 116
39 33 35
10 54 113
92 72 116
61 69 108
13 72 113
36 17 112
85 84 10
26 29 112
54 58 113
22 23 16
55 75 116
75 87 111
96 96 13
81 54 116
96 57 116
84 49 116
45 82 116
10 43 112
68 90 116
46 83 116
60 49 113
32 63 113
94 23 116
57 98 119
21 32 112
76 62 116
95 40 116
38 81 116
81 11 116
97 98 119
52 51 25
28 88 116
75 66 116
95 43 116
43 94 116
51 11 112
95 68 116
68 99 119
55 42 113
65 25 113
96 99 119
87 88 31
81 36 116
29 68 113
61 21 113
89 76 111
87 58 116
84 65 116
88 22 116
57 55 113
56 42 113
57 64 108
18 58 113
93 72 116
35 56 113
41 75 116
44 57 113
99 21 119
21 42 112
18 81 116
71 36 113
74 56 116
98 83 119
93 70 116
37 15 112
26 42 112
86 11 116
47 20 112
68 30 113
64 23 113
48 39 110
50 59 113
15 32 112
95 82 111
16 31 112
38 24 112
89 25 116
13 36 112
59 25 113
43 86 116
21 28 112
68 93 116
31 67 113
93 31 116
18 28 112
42 53 105
90 18 116
81 66 116
87 57 116
10 79 116
14 80 116
47 64 113
97 58 119
62 67 108
34 78 116
33 54 113
14 64 113
73 89 116
34 31 107
44 75 116
87 62 116
37 15 112
82 69 116
38 13 112
49 82 116
20 47 112
96 31 116
63 98 119
54 97 119
