1 10 20
100 200 125
201 210 89
900 1000 174
10 1 20
10 10 7
1 10000 262
2500 2499 178
1234 12330 268
1 99999 351
99999 99998 227
9892 1966 262
2689 8420 262
4474 6107 236
554 2597 209
8240 4630 262
7123 6294 257
5365 3573 238
9204 634 262
733 1624 182
412 5665 238
4286 1973 238
356 6533 262
9092 5918 262
7930 3892 262
5230 602 238
4312 2090 238
1906 5652 238
3648 1265 217
1315 6020 238
4506 6085 236
5001 5380 192
820 4109 238
3421 1408 217
8656 2847 262
8174 4080 262
4146 9592 262
6395 1492 262
6316 4648 262
259 5500 238
8611 4596 262
5507 2800 238
9229 9414 260
976 218 179
6379 6842 244
6947 5494 262
999 471 179
5781 4569 236
9776 3276 262
5832 8509 262
1821 1895 175
2806 6932 262
9536 5838 262
7554 3822 262
5085 4929 197
8691 9144 247
2647 9897 262
852 4684 238
779 5447 238
6380 7210 257
3628 2205 217
48526 25698 324
57207 20674 340
10192 94378 351
50613 87700 351
87119 83893 333
27800 93564 351
87466 98738 333
73195 86424 351
40631 14252 324
46882 93908 351
43598 19019 324
41571 10800 324
36549 28262 324
53944 16284 340
17786 73085 340
92795 88241 333
76611 38410 340
89914 54749 351
23599 29272 308
89231 38359 351
56984 87659 351
31378 63795 340
87811 38421 351
50820 12805 324
12362 53148 340
38562 48958 314
25140 33217 308
96542 15146 351
75921 94385 351
14107 94301 351
26908 47026 324
40106 28612 324
82579 37090 351
92744 18380 351
46521 55514 340
80146 42088 351
48790 37641 314
54351 78923 351
76026 80195 351
77860 77068 245
19868 66409 340
97691 61598 351
37729 89730 351
74650 28508 340
43264 36086 306
73447 38772 340
98594 61002 351
44992 64860 340
33431 36586 324
89740 49298 351
921312 234563 525
798370 344790 509
446609 718316 509
500382 746487 509
908195 722569 525
422518 702187 509
358451 597023 470
617524 160925 470
682556 488346 509
964115 892520 507
429473 826032 509
642829 976959 525
397294 199963 443
967892 107800 525
664559 987772 525
734477 768307 468
203316 994013 525
342895 550647 470
656775 249713 509
201780 764078 509
683612 684769 380
251491 632709 509
173408 905621 525
995090 119046 525
432302 554989 470
158132 458609 449
242811 875132 525
758212 799998 468
306716 268188 407
422954 351966 449
988862 842040 507
746185 266989 509
925023 132040 525
758788 157085 509
394509 486791 449
645419 967052 525
494205 180773 449
343946 213994 443
438608 783684 509
169656 810655 509
458317 499978 444
744612 478442 509
886431 302410 525
383330 358752 423
513257 142611 470
359629 526216 470
518813 194782 470
651460 285977 509
737631 567230 509
405680 830179 509
