1 10 20
100 200 125
201 210 89
900 1000 174
1 1 1
2 2 2
3 3 8
4 4 3
5 5 6
6 6 9
7 7 17
8 8 4
9 9 20
10 10 7
11 11 15
12 12 10
13 13 10
14 14 18
15 15 18
16 16 5
17 17 13
18 18 21
19 19 21
20 20 8
21 21 8
22 22 16
23 23 16
24 24 11
25 25 24
26 26 11
27 27 112
28 28 19
29 29 19
30 30 19
31 31 107
32 32 6
33 33 27
34 34 14
35 35 14
36 36 22
37 37 22
38 38 22
39 39 35
40 40 9
41 41 110
42 42 9
43 43 30
44 44 17
45 45 17
46 46 17
47 47 105
48 48 12
49 49 25
50 50 25
51 51 25
52 52 12
53 53 12
54 54 113
55 55 113
56 56 20
57 57 33
58 58 20
59 59 33
60 60 20
61 61 20
62 62 108
63 63 108
64 64 7
65 65 28
66 66 28
67 67 28
68 68 15
69 69 15
70 70 15
71 71 103
72 72 23
73 73 116
74 74 23
75 75 15
76 76 23
77 77 23
78 78 36
79 79 36
80 80 10
81 81 23
82 82 111
83 83 111
84 84 10
85 85 10
86 86 31
87 87 31
88 88 18
89 89 31
90 90 18
91 91 93
92 92 18
93 93 18
94 94 106
95 95 106
96 96 13
97 97 119
98 98 26
99 99 26
10 1 20
