10 1 20
200 100 125
210 201 89
1000 900 174
1 10 20
100 200 125
201 210 89
900 1000 174
2 2 2
2 3 8
1 1 1
2 2 2
3 3 8
5 5 6
10 10 7
17 17 13
1 3 8
2 3 8
100 101 26
101 102 26
102 103 88
67 68 28
1500 2007 180
234 534 144
345 2356 183
123 234 128
234 345 144
345 456 134
456 567 142
567 678 145
678 789 171
789 890 179
890 901 117
901 1012 174
2 6 9
175 199 120
168 172 125
2 4 8
2 7 17
2 8 17
4 8 17
4 15 20
4 16 20
8 16 20
8 27 112
8 28 112
16 28 112
16 255 128
16 256 128
28 256 128
28 447 144
28 448 144
256 448 144
256 639 144
256 640 144
448 640 142
448 703 171
448 704 171
640 704 171
640 1819 182
640 1820 182
704 1820 182
704 4255 238
704 4256 238
1820 4256 238
1820 4591 238
1820 4592 238
1 2 2
1 3 8
1 6 9
1 7 17
1 9 20
1 18 21
1 25 24
1 27 112
1 54 113
1 73 116
1 97 119
1 129 122
1 171 125
1 231 128
1 313 131
1 327 144
1 649 145
1 703 171
1 871 179
1 1161 182
1 2223 183
1 2463 209
1 2919 217
1 3711 238
1 6171 262
1 999 179
1 1000 179
1 1001 179
2423 5687 238
2331 4675 238
1234 7877 262
324 345 144
635 866 171
454 878 179
343 80 144
234 457 144
123 785 171
3434 65746 340
24234 56754 340
4645 34354 311
7675 7676 177
14235 37643 324
999 1000 112
999 1001 143
999 2001 182
1001 1002 143
586632 598576 403
231312 124123 443
124123 231312 443
123131 245355 443
13434 314465 443
2312 253446 443
3425 324453 443
543 657545 509
64565 546355 470
32423 567565 470
999999 1000000 259
1 500000 449
1 1000000 525
