1 10 20
100 200 125
201 210 89
900 1000 174
999 1001 143
1 1 1
999999 999998 259
2 1 2
1 2 2
999 1000 112
190257 346232 443
845447 779630 525
410211 511504 444
571851 98614 470
955122 35309 525
854634 357243 525
407668 984677 525
638079 545937 509
185517 633978 509
190022 591841 470
472953 497651 426
621823 786998 509
346672 693310 509
556321 931675 525
964300 425529 525
672575 549998 509
181086 400581 443
18778 926077 525
499672 182375 449
574920 520689 452
391335 749894 509
720532 826375 468
276315 154482 443
783858 437253 509
220635 753498 509
898998 991372 507
327926 973796 525
86539 611716 470
558162 138749 470
225879 566246 470
554920 468136 470
421654 443305 418
580449 610355 434
661462 157890 509
664627 927657 525
59537 74154 335
967678 855724 507
103449 278704 443
711055 850871 525
85496 816771 509
757512 659865 504
911733 694037 525
730381 172134 509
887421 29837 525
329993 967103 525
906842 218761 525
962988 116904 525
511040 618764 470
357004 969771 525
110499 674545 509
430206 142057 449
876076 580790 525
625976 858417 525
157994 887710 525
510082 331800 449
622342 790083 509
195463 682534 509
525969 625588 452
748185 842152 525
223873 214588 386
8844 170570 383
428300 141127 449
447457 302584 449
303769 331137 384
833717 218594 509
88522 811990 509
89245 985711 525
158659 311530 443
961681 231757 525
571670 588607 434
459640 458067 307
631100 133008 509
601852 801634 509
893287 864487 445
918050 852975 476
92668 18129 351
146126 655504 509
195298 619221 470
593642 748506 509
29585 637935 509
613990 596888 403
828740 985891 525
164676 842901 525
767583 271591 509
740271 923018 525
551672 159690 470
663694 784496 504
36010 5389 324
549971 946399 525
99968 600727 470
993433 708399 525
919106 550881 525
417565 984490 525
779328 96917 509
358259 563358 470
463484 330177 449
50122 48624 296
577030 474149 470
16088 724667 509
859573 415126 525
117483 730334 509
223975 849227 525
489185 758210 509
439186 534899 470
985058 823204 525
663899 109481 509
719685 871650 525
495954 696842 509
931247 296224 525
100572 124329 354
755534 934913 525
974845 63751 525
93002 958363 525
253138 431170 449
99811 642270 509
338099 369465 441
360627 886355 525
770178 152024 509
186344 634088 509
661140 995302 525
75612 519533 470
672546 761359 504
216257 366810 443
641427 83777 509
979050 857769 507
683412 318176 509
734852 569433 509
283274 646989 509
205311 820588 509
379003 96856 443
196697 573494 470
719457 164926 509
859340 818650 525
226094 903335 525
875849 442823 525
525636 63427 470
73365 27007 340
37419 949569 525
132456 485230 449
149614 770989 509
561555 342264 470
623094 767962 509
847997 922196 476
2551 212370 383
559780 538373 452
414122 737264 509
629972 846262 525
427118 686475 509
371234 839957 525
166286 915744 525
