1894 1196 180
1370 1515 172
2954 91 217
41 1746 182
300 1886 182
1985 322 182
2781 867 209
1493 2277 183
1429 2451 183
710 2343 183
2519 526 209
2144 900 182
1383 2724 209
2315 2560 209
2660 2666 116
658 2029 182
93 608 144
2419 1593 183
1102 2810 209
419 1672 182
1869 535 182
2342 914 183
1792 2990 217
857 115 171
1106 2407 183
1767 1899 175
883 153 179
1393 606 182
1640 2008 180
1225 1269 177
2330 2933 217
1182 2486 209
2435 112 183
1942 2175 175
832 713 153
2501 669 209
972 2363 183
1334 627 182
1755 497 182
1062 1784 182
1983 1307 180
118 1945 182
1586 2782 209
271 1609 182
1982 2063 157
2288 1219 183
2651 2488 191
1498 175 182
1886 928 182
2320 513 183
791 2957 217
496 2746 209
863 985 179
446 736 171
2171 1040 182
1316 2849 209
140 1139 179
2408 221 183
359 1795 182
1509 1506 66
1086 2679 209
1178 1205 151
1252 325 182
1556 1614 167
1318 1899 180
1469 74 182
1245 2442 183
2051 2031 157
2360 490 183
248 841 171
1380 2882 209
1174 1104 182
2573 219 209
2196 2488 209
316 967 179
577 1705 182
2453 2320 183
1311 2465 209
1665 978 182
749 615 171
768 2129 182
966 2334 183
2648 773 209
1709 263 182
2436 1791 183
1118 2895 209
227 224 53
2078 2058 157
2719 2514 191
419 109 144
873 1812 182
1642 68 182
2604 477 209
1200 1972 180
1736 2463 209
1322 843 182
1356 1525 172
283 531 144
2611 1540 209
244 2762 209
1694 118 182
1653 481 182
2993 37 217
1988 1454 180
47 1495 182
552 248 144
2409 762 183
379 1041 179
2051 915 182
1589 2272 183
1565 2363 183
615 687 145
2024 96 182
2667 2580 191
567 2321 183
1933 74 182
325 2185 182
2525 644 209
2080 203 182
2909 1182 209
2874 162 209
2789 161 209
2717 1191 209
1812 2890 209
2597 2944 217
2065 1986 157
455 2444 183
2926 280 217
1999 2443 183
1053 90 179
2370 1392 183
998 1685 182
890 2128 182
1437 2592 209
1567 2485 209
2409 723 183
712 1636 182
1436 2689 209
820 1077 179
1628 650 182
1488 1024 182
206 1558 182
1514 510 182
2496 182 209
484 530 142
1616 1610 74
2281 474 183
1121 1484 182
2343 2874 209
461 2355 183
2564 1213 209
2000 356 182
975 2550 209
1790 208 182
1772 211 182
1195 2405 183
1156 423 179
987 2043 182
954 1937 182
69 2326 183
2935 2019 217
2657 1970 209
2552 1246 209
542 1398 182
2727 424 209
92 1743 182
1680 1831 180
2326 2738 209
611 768 171
2246 1836 183
1021 992 156
936 1947 182
1766 1747 149
1037 1087 169
553 1359 182
594 2911 209
510 669 145
2093 1568 180
325 493 144
775 2265 183
2039 743 182
1456 1120 182
581 238 144
1163 2527 209
216 2770 209
695 2521 209
135 507 144
1102 15 179
751 1932 182
832 1623 182
334 799 171
796 2385 183
64 2061 182
1912 1516 180
1428 797 182
783 1509 182
600 2294 183
148 428 144
576 583 119
2142 1865 175
