1 10 20
100 200 125
201 210 89
900 1000 174
878 2670 209
2138 974 182
480 1068 179
699 279 145
435 2349 183
362 1192 182
1472 1147 182
1521 2008 180
333 2816 209
153 2498 209
2657 2252 209
1285 1220 177
2880 898 209
980 2336 183
607 1059 179
1541 496 182
1966 2972 217
1620 456 182
1400 2089 180
670 2803 209
2368 2781 209
970 2680 209
2525 130 209
2707 1718 209
721 2155 182
1252 810 182
1562 1805 180
2961 1563 217
2458 2696 209
2143 733 182
995 2475 209
1067 209 179
2557 2808 191
2761 52 209
2000 2444 183
2075 2094 126
2269 2152 183
511 1832 182
721 676 171
2505 2664 191
1810 1289 180
63 2439 183
2732 1078 209
2287 1890 183
864 949 179
774 2738 209
1958 1217 180
2318 2533 209
1526 1057 182
795 1449 182
1780 2828 209
2381 1044 183
85 804 171
881 1843 182
1355 875 182
745 1873 182
404 1576 182
2093 2430 183
1678 1870 180
789 1494 182
2168 225 182
1420 944 182
800 1490 182
2336 2239 183
2040 2706 209
1189 708 182
24 1829 182
300 1157 179
948 1870 182
404 1212 182
1362 1992 180
2765 2715 173
885 1927 182
2145 2790 209
2749 495 209
1577 2744 209
1247 1906 180
1773 957 182
1225 528 182
2973 2376 217
1844 2504 209
2390 1629 183
2924 2552 217
888 2318 183
1348 418 182
1645 153 182
2762 632 209
1251 823 182
1775 883 182
1215 670 182
2559 2868 191
2781 2273 209
2754 659 209
1540 1243 177
2078 2991 217
281 500 144
37 1549 182
64 386 144
2616 249 209
2830 902 209
1826 374 182
386 318 144
2949 1021 217
2903 2972 217
2452 462 183
1643 1473 167
649 1779 182
450 465 129
1776 1740 180
1742 219 182
1887 1132 182
633 491 142
1937 442 182
1337 54 182
2143 1166 180
1858 2048 175
2250 77 183
1453 323 182
1008 1419 182
447 2995 217
856 991 179
2776 2438 209
1506 2661 209
1686 1862 180
1788 2562 209
299 726 171
685 571 145
2638 2632 147
2334 800 183
916 421 179
1595 61 182
1152 475 179
984 753 179
834 232 171
50 2224 183
2001 1424 180
2740 227 209
672 2514 209
1391 120 182
789 2566 209
810 2022 182
2592 2496 178
846 1858 182
2035 797 182
737 239 171
1211 742 182
545 239 144
2398 907 183
1618 492 182
1952 2954 217
