37 773 171
555 841 171
1 824 171
763 885 179
992 995 112
270 431 144
319 556 144
734 930 179
185 327 144
672 942 179
833 840 135
214 681 145
668 955 179
406 423 134
774 951 179
487 576 142
650 737 171
308 581 144
45 443 144
698 853 171
470 833 171
619 833 171
142 761 171
786 852 135
247 952 179
972 984 143
165 400 144
828 942 179
566 588 119
171 877 179
3 920 179
623 670 145
336 774 171
374 429 134
96 319 131
129 422 144
498 665 145
693 806 171
205 364 144
238 861 171
228 854 171
396 471 134
380 487 142
498 793 171
564 612 132
364 977 179
21 800 171
959 965 130
81 103 119
775 988 179
581 739 171
305 921 179
224 275 128
955 993 143
713 828 153
826 901 179
514 941 179
388 482 134
882 947 174
882 939 174
887 914 148
864 996 179
518 759 171
907 937 174
719 843 153
391 805 171
842 843 42
155 487 144
533 739 171
653 854 171
8434 8635 203
855 7336 262
3953 5172 215
9427 9621 198
8073 9534 260
2080 8414 262
2066 9342 262
5518 7638 262
9791 9966 242
6027 9463 262
174 6077 238
6246 6764 244
9939 9961 136
7419 9646 260
5990 9096 262
5318 5977 236
1205 6263 262
1830 9909 262
8801 9138 247
7809 9970 260
6296 7375 257
1609 8194 262
5833 9247 262
2232 5261 238
2619 4849 238
8139 8683 234
133 921 179
9191 9462 260
9665 9676 74
2236 5265 238
474350 766975 509
471202 680368 509
856686 960353 507
784571 936568 525
600691 831610 509
843395 999999 507
419607 712116 509
717689 905331 525
59481 525676 470
294054 870129 525
