291 694 145
497 649 145
438 559 142
250 415 144
286 497 144
286 462 144
898 985 174
423 957 179
782 820 135
594 965 179
700 990 179
111 578 144
646 991 179
40 978 179
325 869 171
43 885 179
616 855 171
966 1000 143
521 813 171
172 217 120
411 465 134
777 938 179
853 923 179
179 459 144
102 620 144
582 747 171
859 971 179
855 868 148
613 888 179
622 667 145
343 972 179
837 910 179
891 989 174
294 495 144
751 820 153
360 520 142
636 789 171
218 492 144
94 587 144
884 953 174
770 877 179
503 785 171
993 996 94
529 546 137
380 564 142
455 563 142
688 873 179
480 913 179
279 446 144
3 472 144
80 939 179
512 520 124
557 743 171
352 703 171
403 471 134
813 958 179
72 943 179
583 848 171
821 929 179
471 868 171
352 655 145
398 576 142
798 954 179
706 943 179
89 770 171
522 677 145
948 994 143
246 731 171
5 351 144
123 263 128
224 854 171
205 334 144
677 902 179
205 732 171
983 987 143
413 448 134
212 910 179
393 484 134
243 537 144
485 631 142
86 543 144
939 942 130
827 905 179
916 968 174
543 547 137
902 945 174
803 848 135
396 766 171
103 170 122
207 407 144
15 482 144
19 324 131
833 914 179
540 746 171
999 1000 112
199 563 144
986 991 99
986 999 112
480 637 142
281 850 171
768 851 153
144 883 179
723 746 140
757 809 153
289 581 144
730 920 179
319 766 171
647 907 179
772 776 153
921 992 174
742 956 179
114 889 179
617 800 171
342 449 134
937 954 174
502 931 179
606 771 171
248 938 179
710 712 65
356 514 142
723 987 179
484 992 179
317 791 171
281 430 144
733 936 179
178 477 144
237 295 123
239 440 144
594 641 132
685 702 127
358 499 142
260 999 179
710 754 140
123 245 128
813 923 179
946 976 143
949 967 143
751 817 153
315 817 171
663 954 179
217 878 179
75 747 171
643 887 179
988 994 112
448 509 142
584 814 171
118 243 128
104 195 125
460 966 179
726 820 153
424 637 142
389 678 145
284 376 144
141 433 144
275 372 144
259 951 179
503 856 171
215 389 144
423 857 171
51 802 171
79 774 171
612 947 179
385 856 171
156 845 171
596 947 179
65 182 125
197 967 179
710 816 153
420 558 142
439 531 142
643 762 171
503 949 179
277 354 144
959 974 143
461 836 171
403 996 179
200 302 128
59 339 144
816 866 148
332 782 171
710 872 179
162 569 144
677 861 171
878 906 148
977 979 99
877 997 174
432 546 142
338 421 134
149 163 99
139 997 179
195 864 171
486 686 145
914 990 174
59 517 144
421 631 142
664 963 179
579 899 179
988 998 112
103 795 171
51 694 145
803181 976077 525
985954 989878 396
873197 930620 476
832934 913418 525
830473 838754 525
823452 879574 525
910541 915782 401
981496 987524 427
877409 932910 476
966465 967300 308
878973 931609 476
823667 834176 419
854633 927081 476
975775 983225 427
836597 889868 525
967437 970546 352
872074 994965 507
844002 855870 419
897856 956873 507
844693 874742 432
