1 10 20
100 200 125
201 210 89
900 1000 174
10 1 20
10 10 7
5 6 9
414362 295955 449
307672 461771 449
567120 930774 525
990879 288854 525
564354 586681 434
369385 419197 449
228860 581788 470
975893 402271 525
470605 207578 449
858086 110368 525
763443 882790 525
360768 516189 470
794789 337936 509
622079 654523 509
27773 547047 470
665332 502873 509
959935 961401 414
848573 117924 525
28874 257270 443
12224 27336 308
115481 787251 509
941444 170243 525
94582 863434 525
308972 342614 384
415997 875422 525
927056 252054 525
713 878972 525
242553 13343 443
218621 602205 470
624313 393191 470
785521 12040 509
201445 108208 383
615734 168020 470
321201 97623 443
836168 48651 509
922918 120202 525
87247 793898 509
383874 768087 509
28690 50502 324
553004 697439 509
98169 284232 443
917202 186409 525
67197 227161 386
970401 98387 525
527726 243801 470
597024 422563 470
64480 270536 443
458601 530043 470
818867 433223 509
568966 217195 470
829822 884601 525
899492 634913 525
955096 749060 525
438262 454715 400
925890 631156 525
343081 855037 525
164980 874878 525
296767 899486 525
614466 273633 470
44107 635197 509
990059 847080 507
376712 386673 379
375039 769677 509
480405 420733 444
419754 298935 449
604113 824930 509
783712 331812 509
473167 125583 449
493543 747298 509
605814 401716 470
588732 557880 434
114296 917556 525
610531 321697 470
921261 837689 525
491150 115768 449
23883 236577 443
724969 346991 509
140484 657174 509
887680 812665 525
814396 448891 509
636366 374856 509
603814 886146 525
793315 295664 509
191802 310298 443
253616 557483 470
56597 672710 509
896882 125110 525
239020 567433 470
285689 302360 389
138542 85373 354
330197 207426 443
265590 850371 525
403868 724818 509
349418 991573 525
533337 486130 470
745843 874104 525
847380 459677 525
465049 976205 525
755322 282050 509
187450 485125 449
474729 727552 509
562278 209076 470
303258 250962 407
698010 236799 509
151148 144260 370
617943 641456 509
901897 352931 525
46943 51304 314
550583 761204 509
207692 569332 470
399613 280730 441
165197 393656 443
482415 958811 525
790909 54151 509
255001 75324 443
554849 161941 470
205508 519368 470
331902 770116 509
987495 388528 525
739733 99674 509
949421 128908 525
154685 27412 375
392735 315135 441
408283 9299 443
758063 170041 509
790655 500469 509
942688 761303 525
712926 904959 525
104020 281957 443
952040 78902 525
577332 130179 470
700934 220941 509
989878 128037 525
1970 510968 449
205454 37492 383
753394 138207 509
939507 836370 525
747378 26990 509
162572 779387 509
704445 647177 442
406647 920454 525
106904 162973 383
527798 257291 470
492603 154450 449
554039 184351 470
710317 504156 509
642239 706683 504
890811 123441 525
180338 960251 525
169812 482261 449
