1830 3132 217
9350 1527 262
930 6380 262
1022 4688 238
9876 1829 262
9628 701 262
8388 1467 262
73 4249 238
2305 8721 262
2155 8198 262
5960 1523 238
8124 8111 115
4115 706 238
4672 3328 238
5042 373 238
6060 8009 262
2903 8333 262
2649 3561 217
2938 882 217
3706 2604 217
3676 2311 217
7295 4721 262
485 3414 217
42 9762 262
3680 2699 217
994 9587 262
9126 7889 252
6148 289 238
9177 5147 262
8507 1388 262
8389 3866 262
4158 2819 238
1238 90 182
7782 6645 257
6715 8098 257
9114 5186 262
9253 2294 262
4485 482 238
260 3972 238
4921 4235 215
9622 886 262
2668 2809 173
5652 8645 262
5432 6350 262
6280 7189 257
5188 7616 262
4445 8225 262
1743 9380 262
5320 6294 262
877 2913 209
1458 823 182
8630 5193 262
6550 9666 260
6835 3768 262
3028 8528 262
3062 4861 238
2862 6638 262
5389 9055 262
9290 3694 262
1670 4389 238
5050 6820 262
3572 975 217
360 2734 209
6726 5632 262
409 6460 262
4560 7290 262
6880 5054 262
8121 2960 262
9805 6155 262
1045 7602 262
7042 7799 239
3500 559 217
4872 3453 238
1892 9944 262
2608 2449 209
4763 1002 238
2168 6250 262
4000 2481 238
4695 9709 262
8072 2539 262
7384 729 262
5381 4145 215
1581 122 182
8745 8420 203
8589 38 262
813 7178 262
8946 5591 262
1805 4036 238
9168 8980 198
8171 586 262
1949 7501 262
1971 122 182
12 4730 238
2533 1352 209
6760 6425 244
936 7499 262
5729 5254 236
8763 2170 262
361 7733 262
5525 9735 262
9309 996 262
4616 3852 215
4149 456 238
7718 4949 262
542 6249 262
4331 8880 262
3729 714 238
8625 8103 234
2346 5073 238
7099 6748 257
3855 5705 236
2930 7870 262
7150 5716 262
4411 8444 262
7686 9869 260
3128 3116 155
5623 3806 236
1264 7387 262
2169 814 182
2949 2412 217
2596 9013 262
3875 5635 236
8190 6687 257
94 7166 262
9400 9781 198
5473 506 238
8810 9719 260
3633 6229 262
491 7918 262
6078 153 238
4732 6469 262
380 3055 217
8715 2987 262
1496 851 182
3143 4306 238
7265 6119 262
7621 8107 252
855 975 179
5909 5898 143
2077 7317 262
3768 8462 262
3605 5433 238
4915 9368 262
2899 6185 262
3058 7277 262
7600 5618 262
2276 1728 183
1834 9664 262
6665 6288 244
