1 1 1
21 40 112
31 50 110
41 60 113
51 70 113
61 80 116
71 90 116
81 100 119
91 110 119
101 120 114
111 130 122
121 140 122
131 150 117
141 160 117
151 170 112
161 180 125
171 190 125
181 200 120
191 210 120
201 220 115
211 230 115
221 240 128
231 250 128
241 260 123
251 270 123
261 280 123
271 290 118
281 300 118
291 310 118
301 320 131
311 330 144
1001 1050 156
1026 1075 169
1051 1100 169
1076 1125 138
1101 1150 151
1126 1175 182
1151 1200 182
1176 1225 164
1201 1250 177
1226 1275 177
1251 1300 177
1276 1325 177
1301 1350 177
1326 1375 159
1351 1400 159
1376 1425 172
1401 1450 172
1426 1475 172
1451 1500 172
1476 1525 154
1501 1550 154
1526 1575 154
1551 1600 167
1576 1625 167
1601 1650 167
1626 1675 180
1651 1700 180
1676 1725 180
1701 1750 180
1726 1775 180
1 100 119
51 150 122
101 200 125
151 250 128
201 300 128
251 350 144
301 400 144
351 450 134
401 500 142
451 550 142
501 600 137
551 650 145
601 700 145
651 750 171
701 800 171
751 850 153
801 900 179
851 950 179
901 1000 174
951 1050 156
1001 1100 169
1051 1150 169
1101 1200 182
1151 1250 182
1201 1300 177
1251 1350 177
1301 1400 177
1351 1450 172
1401 1500 172
1451 1550 172
1 1000 179
101 1100 179
201 1200 182
301 1300 182
401 1400 182
501 1500 182
601 1600 182
701 1700 182
801 1800 182
901 1900 182
1001 2000 182
1101 2100 182
1201 2200 180
1301 2300 183
1401 2400 183
1501 2500 209
1601 2600 209
1701 2700 209
1801 2800 209
1901 2900 209
2001 3000 217
2101 3100 217
2201 3200 217
2301 3300 217
2401 3400 217
2501 3500 217
2601 3600 217
2701 3700 217
2801 3800 238
2901 3900 238
