1 10 20
100 200 125
201 210 89
900 1000 174
1 1 1
20 10 21
1 2 2
3 4 8
10 100 119
20 35 112
90 20 116
15 45 112
50 50 25
99 98 26
100 101 26
1000 1100 169
1000 1 179
90 100 119
20 89 116
75 200 125
101 1000 179
9000 925 262
101 110 114
45 54 113
2 6 9
1 11 20
11 21 21
21 51 112
99 100 26
500 700 145
900 78 179
7 7 17
41 23 112
17 6 20
7 8 17
23 32 112
600 500 137
999 1000 112
5000 8000 262
9999 1111 262
89 98 119
107 701 145
801 108 171
1 1000 179
90 9000 262
3000 3010 155
5000 5000 29
25 2500 209
78 79 36
90 91 93
800 850 135
950 940 130
841 148 171
2 200 125
156 651 145
781 1000 179
9999 8888 260
1010 2020 182
33 11 112
1 5 8
78 100 119
98 99 26
67 90 116
100 500 144
800 850 135
500 1000 179
1001 1400 182
1700 2500 209
6600 8800 257
9999 2121 262
5454 3333 238
1919 19 182
10 1 20
21 11 21
777 7512 262
8120 1212 262
9090 9999 260
1 9999 262
8989 8 262
1231 2342 183
2131 1243 180
5142 5 238
1 100 119
100 9999 262
2500 25 209
2384 9879 262
9201 7 262
78 87 111
6 7 17
5 9 20
9829 10 262
1 500 144
500 1000 179
2 499 144
999 800 179
77 777 171
1092 9012 262
9090 1011 262
7777 7778 84
1111 1111 32
400 299 144
501 602 137
780 807 122
