1 10 20
100 200 125
201 210 89
900 1000 174
10 1 20
200 100 125
210 201 89
1000 900 174
1 1 1
777777 777777 155
500000 500000 152
128 128 8
127 127 47
483315 483315 121
917962 917962 109
63178 63178 43
733514 733514 124
173448 173448 135
219159 219159 156
9717 9717 48
999999 999999 259
222222 222222 117
999999 1 525
2 1 2
3 1 8
128 64 119
256 128 128
512 256 144
1024 512 179
2048 1024 182
4096 2048 238
8192 4096 262
16384 32767 308
32768 65535 340
432700 219930 449
354550 182372 443
838250 101634 525
253300 487556 449
988900 71458 525
940822 731880 525
725272 721442 411
968022 401214 525
252542 98758 443
543084 543080 209
884324 508392 525
456484 377874 449
526384 557076 452
707064 37228 509
69056 560280 470
688506 289232 509
834596 620704 509
987196 871456 507
996216 393398 525
293068 95750 443
479408 693412 509
654208 400664 509
888888 666666 525
888888 999998 507
432701 219931 449
354551 182373 443
838251 101635 525
253301 487557 449
988901 71459 525
940823 731881 525
725273 721443 411
968023 401215 525
252543 98759 443
543085 543081 209
884325 508393 525
456485 377875 449
526385 557077 452
707065 37229 509
69057 560281 470
688507 289233 509
834597 620705 509
987197 871457 507
996217 393399 525
293069 95751 443
479409 693413 509
654209 400665 509
888889 666667 525
888889 999999 507
40180 47381 314
204850 384713 443
283000 293885 389
102930 393847 443
102830 582059 470
100002 100001 90
100002 100003 54
403022 294825 441
193572 48397 383
1022 293849 443
9274 1731 262
49574 102943 351
102994 102935 235
574834 78467 470
444444 13579 449
278116 494851 449
602286 124533 470
257896 357897 441
229966 950677 525
666666 999999 525
295568 327641 384
781368 182503 509
482008 772415 509
875218 639057 525
658348 723419 504
40181 47380 314
204851 384712 443
283001 293884 389
102931 393846 443
102831 582058 470
100003 100000 129
100003 100002 54
403023 294824 441
193573 48396 383
1023 293848 443
9275 1730 262
49575 102942 351
102995 102954 235
574835 78466 470
444445 13578 449
278117 494850 449
602287 124532 470
257897 357894 441
229967 950676 525
666667 999998 525
295569 327640 384
781369 182502 509
482009 772414 509
875219 639056 525
658349 723418 504
1 10284 262
1 48493 324
1 48203 324
1 10 20
1 101 119
49557 1 324
30475 1 308
305859 1 443
20392 1 279
101 1 119
11111 22222 279
33333 44444 324
55555 66666 335
77777 88888 338
99999 100000 227
999999 111111 525
888888 222222 525
777777 333333 509
666666 444444 509
555555 555555 147
