1 10 20
100 200 125
201 210 89
900 1000 174
999999 999999 259
999998 999999 259
89 1 116
582 5 144
248 275 123
190 972 179
431 628 142
573 1 144
524 888 179
874 522 179
798 318 171
540 931 179
869 614 171
720 408 171
746 16 171
877 845 179
5 592 144
751 570 171
223 487 144
282 198 128
793 990 179
844 878 179
792 856 135
973 656 179
338 277 144
887 772 179
598 801 171
72 758 171
857 921 179
858 227 171
556 216 144
810 544 171
935 244 179
434 908 179
128 922 179
938 405 179
131 60 122
639 734 171
581 610 132
767 491 171
107 981 179
451 962 179
26 629 144
240 994 179
605 710 171
917 750 179
558 174 144
645 355 142
352 348 82
564 921 179
807 41 171
857 513 171
672 869 171
535 379 142
506 687 145
405 794 171
292 745 171
212 973 179
693 208 145
70 225 125
510 240 144
697 662 145
908 611 179
92 822 171
978 618 179
210 262 128
69 704 171
123 499 144
112 915 179
11 172 125
447 968 179
191 850 171
286 747 171
679 107 145
691 619 145
227 85 125
332 536 142
513 911 179
660 54 145
141 809 171
76 124 119
255 959 179
183 91 125
543 569 137
331 139 144
488 175 144
421 645 142
801 133 171
437 403 134
499 103 144
835 439 171
955 798 179
94 770 171
217 760 171
932 469 179
974 327 179
980 973 143
73 756 171
14 244 128
253 45 128
624 131 144
450 746 171
826 532 171
634 629 39
123 677 145
581 463 142
987 764 179
2 239 128
401 967 179
169 477 144
844 885 179
671 66 145
701 407 145
641 352 142
362 490 142
419 855 171
89 949 179
570 26 144
859 264 171
462 229 144
525 793 171
335 181 144
366 459 134
551 413 142
787 619 171
296 861 171
390 20 144
443 237 144
972 435 179
68 119 119
447 86 144
637 5 144
776 542 171
68 424 144
338 44 144
482 715 171
109 755 171
258 619 144
663 840 171
608 375 142
846 865 148
836 670 171
556 504 137
613 111 144
540 873 179
848 872 179
349 887 179
433 535 142
770 125 171
780 386 171
925 992 174
537 475 142
540 450 142
