1 10 20
100 200 125
201 210 89
900 1000 174
124004 439532 449
514480 437426 470
162487 45742 383
164814 788745 509
106207 214972 383
3302 912094 525
607261 879902 525
158140 65608 383
311944 121434 443
60458 865843 525
621056 997267 525
252814 312187 407
779920 421937 509
352180 669143 509
963474 309330 525
16949 407391 443
512799 256348 470
781685 221704 509
890947 769523 525
541422 906893 525
250938 642818 509
631032 463533 509
516494 290954 470
285177 681818 509
630693 146771 509
698571 42101 509
311298 364232 441
227344 248169 443
632182 631659 385
148628 250206 443
599748 715787 509
314032 131286 443
732611 14271 509
152164 276979 443
483985 824341 509
361975 728324 509
961552 422979 525
609255 191862 470
885636 366401 525
966291 109531 525
616017 25259 470
134192 555398 470
616830 439890 470
338343 578857 470
412206 401201 449
647088 949501 525
999840 760457 525
361212 911706 525
2619 223858 386
358765 746296 509
838006 316590 525
293919 400542 441
699745 513116 509
16354 887696 525
485136 83492 449
640643 638391 416
961065 476596 525
533641 709778 509
583691 651172 509
842221 832323 525
631624 873261 525
423746 135281 449
851387 605665 525
239255 232365 381
380056 606115 470
570913 615021 447
849822 100478 525
546893 265645 470
550028 485045 470
962690 614083 525
400540 205262 443
546455 89930 470
145837 812385 509
272233 147353 443
162163 354850 443
683152 487174 509
241411 856241 525
939722 926970 507
629534 341041 509
968023 148340 525
354620 501711 449
403130 880873 525
564962 601826 434
341879 160517 443
101797 817247 509
531844 522570 408
197485 178786 365
122959 580502 470
135308 678263 509
739887 406669 509
904973 203682 525
707114 475085 509
107183 638953 509
183224 936885 525
871746 812844 525
579858 784120 509
493787 969064 525
449024 589752 470
262225 558437 470
452858 796126 509
617408 746793 509
967016 433716 525
675390 146168 509
268933 752307 509
388874 335613 441
577132 815135 509
813984 714503 468
339807 146435 443
842374 950712 507
922955 872159 476
506038 999995 525
478699 869091 525
339268 264204 407
535697 90938 470
413737 639241 509
308687 91561 443
226131 887788 525
869185 55019 525
209013 148091 383
401567 316902 441
868866 552011 525
687293 446699 509
978592 789765 525
996895 533825 525
595608 435056 470
277922 895868 525
346430 838001 525
670381 713471 504
114950 361484 443
725739 173291 509
272090 431501 449
504664 875478 525
656753 430434 509
68919 635622 509
383942 552095 470
358604 915381 525
405351 680236 509
373402 660620 509
768265 623582 509
404533 746461 509
510703 719116 509
206672 461237 449
995364 357768 525
151980 953131 525
802928 714093 468
677762 487335 509
476788 206425 449
628901 877595 525
633266 409667 509
950598 912930 507
