1 10 20
100 200 125
201 210 89
900 1000 174
80 20 116
500 68 144
67 34 113
122 344 144
90 111 119
785 3298 217
10928 2 262
289 182 128
111 111 70
878 1229 182
893 2348 183
128 12849 268
523 523 124
389 238 144
5 4 6
787 438 171
55 34 113
34 576 144
11 3 20
143 678 145
576 1289 182
3948 56784 340
34 47893 324
785 53 171
213 487 144
3748 3478 238
1278 32 182
3298 4378 238
23439 12498 279
12 289 128
1243 17 182
75489 574 340
54 37489 324
5667 5667 130
3478 57845 340
2378 54789 340
4365 439 238
23789 34 282
5849 32783 308
343 343 126
1928 4738 238
5983 6507 262
2379 56475 340
9876 5478 262
3478 6589 262
27388 3489 308
2395 5789 238
98754 45789 351
43792 5849 324
5459 4657 210
549 10 144
2 5 8
6 8 17
10 1 20
1 1 1
23 23 16
329 54 144
230 23 125
12234 54 268
2389 65 183
78953 589 351
348 345 126
3485 348 217
678 6894 262
6984 347 262
78594 34 351
8657 698 262
549 230 144
9865 12 262
8574 123 262
6890 53 262
7654 89 262
2453 75 183
789 98 171
879 65 179
5654 6549 262
453 786 171
654 898 179
67 459 144
908 78 179
3456 54 217
7689 56 262
34567 54 311
193 187 120
578 578 31
8764 58 262
589 45 144
9864 23 262
678 689 127
67 67 28
74 74 23
89 89 31
986 986 50
565 786 171
378 98 144
5478 5478 42
896 896 24
284 689 145
3847 98 238
1001 23 179
99234 734 351
12 99998 351
1298 43 182
6895 549 262
7546 7546 40
869 689 171
238 238 35
1 100000 351
50000 25 324
30 75000 340
12 12 10
54 89 116
26 68 113
98 45 119
546 578 137
239 127 128
66181 14958 340
35104 54142 340
51000 20971 324
29166 27579 259
44056 92333 351
67428 25863 340
9974 68945 340
82477 54801 351
87461 43401 351
82816 69855 351
62859 57640 335
74321 52182 340
17368 56586 340
92269 41944 351
78706 68035 351
26274 13769 282
31011 52354 324
3934 92697 351
16960 96840 351
40508 6297 324
71889 89128 351
68738 18290 340
90038 24127 351
47630 87213 351
43767 49678 314
437 3489 217
29348 34 308
958 27 179
58 3489 217
99999 99999 227
105458 238478 443
987465 293576 525
298476 239179 407
909827 128475 525
128985 345754 443
565764 384827 470
238576 764587 509
654787 687545 442
458678 458734 263
298478 458120 449
784987 2 509
20 898789 525
829 579982 470
567623 783657 509
892376 123456 525
123456 123456 62
987654 100000 525
129854 209834 383
687238 239756 509
564365 674364 509
872654 287987 525
128567 456809 449
347567 239867 441
987678 567465 525
185737 195693 360
185934 195743 360
454645 478746 444
396874 398576 374
982756 384686 525
50000 823758 509
589486 348964 470
876498 435768 525
473867 498576 426
2010 2983 217
2020 2020 64
982708 438 525
378943 358934 423
768347 732962 468
987346 127847 525
234875 347857 441
997326 992637 365
1 999999 525
999999 1 525
348389 348389 198
238578 876345 525
128 74893 340
983 4738 238
2839 489 209
21387 53 279
999998 999998 259
