1 10 20
100 200 125
201 210 89
900 1000 174
152709 962425 525
2649 694891 509
934889 973901 507
326973 370121 441
588275 606343 403
233016 769292 509
426010 933178 525
356482 982230 525
4955 688846 509
461898 918046 525
718597 974818 525
132681 971780 525
180905 200249 360
779967 785262 362
940120 957346 414
207257 612614 470
1628 39623 324
821650 995911 525
452801 493998 444
393136 817988 509
754931 811431 468
890966 994024 507
604654 905776 525
726698 982564 525
641648 799245 504
275479 341350 389
672229 923618 525
199142 628686 509
581159 602215 434
20423 198906 383
27865 673358 509
959076 999135 458
376537 629077 509
554938 886083 525
558809 937356 525
360890 444852 449
788329 822271 468
537991 799564 509
836485 984905 525
929525 965818 507
330290 495482 449
941978 999632 458
346976 994428 525
96703 489018 449
84479 124462 354
326495 372107 441
341431 639446 509
979423 992896 427
196446 861517 525
363432 847833 525
730932 874327 525
996237 999087 440
838958 972567 507
549500 727944 509
961561 965333 414
178671 983986 525
298893 605006 470
591260 874378 525
819209 996625 525
187239 870742 525
151164 261759 443
328173 512094 470
504828 889057 525
667160 846525 525
675395 788225 504
709466 863240 525
304847 918437 525
399369 996591 525
593883 668791 509
901056 982337 507
971611 988671 427
654815 968104 525
840030 955566 507
679939 738409 504
838960 995590 507
385938 787437 509
463983 769265 509
415080 936201 525
790966 888869 525
126845 144434 375
711863 904900 525
979336 993750 427
108216 764273 509
505798 694367 509
679275 736776 504
656354 790061 504
179536 409402 443
772296 964499 525
37454 855304 525
460323 467767 444
918025 970636 507
803313 819217 450
741282 761929 424
118220 561224 470
92778 590756 470
247762 271708 407
29381 767493 509
403911 741511 509
60573 628265 509
330619 577522 470
458866 966175 525
36724 513814 470
628630 812861 504
316148 419503 449
232050 529311 470
355705 764595 509
3056 480827 449
42179 533109 470
764014 898696 525
194189 553639 470
336945 385558 441
826742 989426 525
20339 435240 449
298730 317686 384
565953 616926 447
868520 980121 507
523157 775202 509
353075 727675 509
603913 744207 509
943015 951591 414
711766 893908 525
819592 876407 525
90916 316298 443
76373 554373 470
194721 519585 470
604739 773259 509
542539 577901 452
22580 82359 351
216869 457024 449
112465 614409 470
976930 978531 383
101405 358148 443
512686 581683 452
75576 572736 470
269933 758908 509
685269 867191 525
647339 824592 504
40069 181252 383
934671 974553 507
49573 985665 525
543438 914812 525
286422 689021 509
458902 803358 509
424080 520738 470
427373 583655 470
196915 825809 509
258762 627035 509
853390 978986 507
250696 962192 525
34093 144730 375
