1 1 1
2 2 2
1 2 2
2 1 2
1 3489 217
84798 41161 351
24627 69582 340
3757 91689 351
73062 86620 351
1573 42983 324
79380 41389 351
15965 83809 351
23582 12340 282
80358 42820 351
66727 76424 325
46984 33852 324
12733 53501 340
94678 30286 351
94671 96286 328
36448 50197 314
40818 14390 324
27784 49595 324
30379 68699 340
43312 23501 324
51040 920 324
63308 69984 330
73569 84022 351
53365 62878 335
50290 67356 340
65525 4685 340
98068 26790 351
42348 14244 324
89701 36931 351
29542 91730 351
19407 19050 212
27677 71942 340
29654 97120 351
79713 8955 351
11147 86567 351
17905 25252 282
42689 65297 340
81469 20666 351
54880 92521 351
65242 54093 335
49901 64543 340
76636 76662 157
55574 80530 351
41074 87008 351
35662 94242 351
76554 22188 340
38412 45175 314
54659 47222 340
98412 3466 351
87621 93082 333
76428 25109 340
16217 63403 340
80316 2827 351
85360 3562 351
80772 31460 351
45756 76372 340
55820 98762 351
2884 59859 340
8787 62599 340
19922 28011 308
56242 9350 340
21299 45547 324
16323 36002 324
56155 51670 340
97729 37209 351
16574 72452 340
34076 25203 308
86704 82560 320
88140 7755 351
98674 15411 351
39664 32034 324
69985 73334 325
6117 5786 218
66228 96797 351
38075 54515 340
36735 95933 351
82879 16940 351
81238 7819 351
93387 6832 351
29838 8207 308
33351 81545 351
67164 87232 351
49451 11481 324
40337 96798 351
94424 84636 333
74695 9488 340
4161 7920 262
45217 21081 324
68074 2135 340
46617 41990 314
78825 92063 333
36395 50369 314
19413 89073 351
28279 42362 324
33624 37579 324
41815 50794 314
74433 89303 351
5251 62464 340
83012 35843 351
19545 40272 324
45192 51558 314
599 79084 351
81956 34472 351
16432 49469 324
77354 3549 351
35149 16572 311
29475 73354 340
74794 60940 335
66157 77121 351
70069 7701 340
27003 29551 272
91260 68546 351
32372 36255 324
66935 70192 312
84104 36062 351
22658 89734 351
43383 24237 324
40721 36388 306
38277 6581 324
82071 1270 351
50394 54020 340
70923 31381 340
9490 60393 340
9626 26841 308
80297 40046 351
29229 72881 340
67516 83092 351
76258 65688 325
32499 37425 324
80816 51348 351
58435 37197 340
37889 43234 306
98625 57556 351
73069 85081 351
26288 34424 311
3690 43377 324
82367 54976 351
38206 95745 351
83801 29754 351
47505 98991 351
44247 96888 351
9707 29154 308
42075 87211 351
75538 94295 351
40035 34797 324
80673 42068 351
46541 97587 351
61342 10744 340
63792 58622 335
32009 94050 351
26487 76338 340
