85 3330 217
14 13954 276
150 13359 276
422 18769 279
294 8857 262
689 11238 268
129 17016 276
639 13610 276
617 4044 238
716 7717 262
677 10848 262
447 14624 276
34 16049 276
240 14036 276
298 9603 262
561 17497 276
652 12216 268
412 18504 279
588 19757 279
902 13967 276
423 8710 262
936 10793 262
194 14861 276
857 10897 262
940 11996 268
759 12806 268
736 4588 238
534 9223 262
669 11322 268
558 13086 268
331 17938 279
765 5781 238
783 8621 262
464 10881 262
313 5946 238
154 17846 279
42 19125 279
731 18344 279
956 10315 262
51 5786 238
490 1708 182
978 18443 279
522 17142 276
832 11032 268
131 10310 262
694 1245 182
39 7009 262
213 12282 268
983 13689 276
378 1054 179
834 4473 238
293 3890 238
292 16443 276
46 4860 238
64 17831 279
167 19074 279
283 4483 238
578 2021 182
195 12833 268
614 14489 276
703 13363 276
20 1436 182
735 8684 262
367 9101 262
168 11408 268
180 6332 262
152 11975 268
690 7805 262
213 10837 262
855 15126 276
233806 825680 509
791764 804404 468
877287 904560 445
384477 836757 509
31968 990412 525
472299 590406 470
927846 995213 507
282079 502896 449
856931 863627 370
507584 640905 509
643826 666313 442
955409 980974 458
230203 466054 449
711398 810004 468
791988 983755 525
393113 479323 449
564604 862538 525
296913 298919 371
118582 742862 509
179662 644294 509
188325 998517 525
862704 953079 507
252826 326468 407
371902 990135 525
83521 686041 509
192168 349342 443
774568 856291 525
230978 766262 509
30172 286706 443
905461 920772 476
30544 104764 351
736197 939122 525
771767 840184 525
779421 819627 468
854244 892211 445
967715 995280 458
325342 918242 525
542676 956455 525
243171 855931 525
455026 818953 509
214194 468417 449
954824 992037 458
392258 589784 470
636561 780917 504
41097 695175 509
756416 853535 525
302404 548777 470
938518 951927 507
41302 690347 509
392445 786056 509
867357 923552 476
406557 812203 509
342042 906406 525
682615 968795 525
972895 979589 383
996317 996574 321
643806 657602 429
687188 976678 525
647247 937758 525
366012 653906 509
465720 912458 525
202139 237643 443
78550 728757 509
870723 952262 507
958324 962957 414
695160 982557 525
891188 963278 507
850603 890462 445
228274 869749 525
273708 529934 470
299876 528222 470
416395 925807 525
291908 425053 449
139865 588807 470
127102 971760 525
939672 944529 383
806444 951148 525
410851 911400 525
186973 605177 470
755199 821211 468
335041 602100 470
79744 828663 509
50241 744763 509
396359 743427 509
271051 346582 441
697622 845804 525
628481 852604 525
701643 847358 525
320170 840213 525
756933 970580 525
293494 799502 509
510239 894477 525
416277 746755 509
61609 309507 443
27069 376824 443
945638 974972 458
263738 327949 407
910143 932458 476
705671 833599 468
763646 901927 525
638260 676376 442
154760 168385 383
987930 994033 352
35148 847418 525
71153 736093 509
235375 410115 449
549958 732978 509
205615 470992 449
114212 665650 509
749210 801358 468
965811 981242 458
668825 674460 367
793094 933706 525
714326 785602 468
121977 291877 443
310956 571140 470
165297 517604 470
630454 700269 442
826070 853118 525
831214 967226 525
259209 553504 470
119861 259094 443
18784 229563 386
598257 701653 509
396364 653083 509
496780 639583 509
605293 606510 341
956739 956006 352
826611 825983 313
756134 756776 362
