303644 303818 340
426029 426109 281
64596 64629 255
422418 422448 219
456678 456734 219
161149 161169 140
402403 402650 250
355794 356031 242
476337 476493 276
193682 193798 285
136842 137033 313
211020 211066 355
383745 383957 299
317072 317088 141
361771 362022 273
243208 243403 319
223355 223470 293
398814 399078 330
292200 292221 190
200980 201211 267
363013 363072 211
59323 59366 242
220571 220697 218
469018 469317 294
201289 201301 161
100116 100404 341
348954 349016 242
42206 42380 288
311537 311613 247
349449 349621 304
253901 254026 288
483928 483938 227
79852 80146 307
39762 40022 306
343554 343808 304
212958 213064 311
176124 176350 303
325923 326083 216
345541 345709 273
487321 487581 227
162516 162737 339
241702 241721 213
206944 207133 280
209859 210032 280
22304 22322 163
400068 400085 193
140720 140985 251
455334 455559 263
480102 480208 263
166601 166836 303
341465 341466 92
461812 461860 307
322073 322087 216
216155 216300 324
297190 297423 327
285719 285954 252
139188 139482 282
1125 1153 151
303495 303620 265
322518 322684 309
333600 333722 260
394198 394369 237
90441 90610 240
298132 298369 265
331547 331722 260
238628 238801 275
17524 17550 217
278795 278805 177
477880 478006 214
7967 7994 146
419728 419800 250
39480 39564 244
434240 434359 250
455067 455291 263
356354 356458 304
44578 44839 270
236580 236753 306
266360 266488 208
47963 47968 190
116309 116588 305
61015 61304 255
8776 8926 185
487758 487880 338
36170 36402 249
47412 47505 221
199234 199349 267
262639 262725 164
144317 144395 220
134662 134841 300
87473 87483 240
160455 160674 290
241305 241494 275
288165 288401 327
241612 241746 213
138732 138878 282
205106 205270 236
181036 181108 241
139752 139917 251
495646 495745 320
488262 488462 258
416372 416376 162
430717 430720 113
78005 78169 276
194215 194235 192
426842 426974 237
358969 359138 229
456579 456737 245
445099 445199 263
228877 229123 262
377643 377788 361
200727 200906 298
13225 13292 276
216728 216943 342
184746 184802 241
455850 456012 338
365992 366035 224
27458 27526 215
140657 140936 313
213085 213100 249
81663 81756 214
433552 433752 343
343206 343360 335
157533 157640 339
133129 133260 225
37680 37691 169
489360 489650 245
261013 261072 195
408385 408406 237
481450 481575 351
72608 72754 263
458247 458535 307
115607 115803 323
272352 272393 270
316856 316902 322
241484 241576 244
11825 11830 175
129862 130144 344
348222 348495 335
234915 235162 306
213835 214091 373
128099 128256 331
92673 92833 302
257663 257680 257
338589 338840 291
124852 125100 256
457453 457642 263
21988 22108 269
1323 1534 172
488034 488100 245
418063 418350 281
